<?xml version="1.0" encoding="UTF-8"?>
<testsuite name="BookingServiceImplTest" tests="2" skipped="0" failures="0" errors="0" timestamp="2022-06-24T12:41:56" hostname="Ali-Guliyev.local" time="0.028">
  <properties/>
  <testcase name="isAvailable()" classname="BookingServiceImplTest" time="0.017"/>
  <testcase name="testBookSuccess()" classname="BookingServiceImplTest" time="0.01"/>
  <system-out><![CDATA[]]></system-out>
  <system-err><![CDATA[]]></system-err>
</testsuite>
